0 info it worked if it ends with ok
1 verbose cli [ '/usr/local/Cellar/node/7.7.2/bin/node',
1 verbose cli   '/usr/local/bin/npm',
1 verbose cli   'run',
1 verbose cli   'dev' ]
2 info using npm@4.1.2
3 info using node@v7.7.2
4 verbose run-script [ 'predev', 'dev', 'postdev' ]
5 info lifecycle moden-template-webpack@0.0.1~predev: moden-template-webpack@0.0.1
6 silly lifecycle moden-template-webpack@0.0.1~predev: no script for predev, continuing
7 info lifecycle moden-template-webpack@0.0.1~dev: moden-template-webpack@0.0.1
8 verbose lifecycle moden-template-webpack@0.0.1~dev: unsafe-perm in lifecycle true
9 verbose lifecycle moden-template-webpack@0.0.1~dev: PATH: /usr/local/lib/node_modules/npm/bin/node-gyp-bin:/Users/suweya/WebProjects/moden-web-template/node_modules/.bin:/Users/suweya/Library/Android/sdk/platform-tools:/usr/local/bin:/usr/bin:/bin:/usr/sbin:/sbin
10 verbose lifecycle moden-template-webpack@0.0.1~dev: CWD: /Users/suweya/WebProjects/moden-web-template
11 silly lifecycle moden-template-webpack@0.0.1~dev: Args: [ '-c',
11 silly lifecycle   'cross-env NODE_ENV=development webpack-dev-server --open --inline --progress --profile' ]
12 silly lifecycle moden-template-webpack@0.0.1~dev: Returned: code: 1  signal: null
13 info lifecycle moden-template-webpack@0.0.1~dev: Failed to exec dev script
14 verbose stack Error: moden-template-webpack@0.0.1 dev: `cross-env NODE_ENV=development webpack-dev-server --open --inline --progress --profile`
14 verbose stack Exit status 1
14 verbose stack     at EventEmitter.<anonymous> (/usr/local/lib/node_modules/npm/lib/utils/lifecycle.js:279:16)
14 verbose stack     at emitTwo (events.js:106:13)
14 verbose stack     at EventEmitter.emit (events.js:194:7)
14 verbose stack     at ChildProcess.<anonymous> (/usr/local/lib/node_modules/npm/lib/utils/spawn.js:40:14)
14 verbose stack     at emitTwo (events.js:106:13)
14 verbose stack     at ChildProcess.emit (events.js:194:7)
14 verbose stack     at maybeClose (internal/child_process.js:899:16)
14 verbose stack     at Process.ChildProcess._handle.onexit (internal/child_process.js:226:5)
15 verbose pkgid moden-template-webpack@0.0.1
16 verbose cwd /Users/suweya/WebProjects/moden-web-template
17 error Darwin 16.7.0
18 error argv "/usr/local/Cellar/node/7.7.2/bin/node" "/usr/local/bin/npm" "run" "dev"
19 error node v7.7.2
20 error npm  v4.1.2
21 error code ELIFECYCLE
22 error moden-template-webpack@0.0.1 dev: `cross-env NODE_ENV=development webpack-dev-server --open --inline --progress --profile`
22 error Exit status 1
23 error Failed at the moden-template-webpack@0.0.1 dev script 'cross-env NODE_ENV=development webpack-dev-server --open --inline --progress --profile'.
23 error Make sure you have the latest version of node.js and npm installed.
23 error If you do, this is most likely a problem with the moden-template-webpack package,
23 error not with npm itself.
23 error Tell the author that this fails on your system:
23 error     cross-env NODE_ENV=development webpack-dev-server --open --inline --progress --profile
23 error You can get information on how to open an issue for this project with:
23 error     npm bugs moden-template-webpack
23 error Or if that isn't available, you can get their info via:
23 error     npm owner ls moden-template-webpack
23 error There is likely additional logging output above.
24 verbose exit [ 1, true ]
